<?xml version="1.0" encoding="utf-8"?><testsuites><testsuite name="pytest" errors="0" failures="0" skipped="0" tests="97" time="28.674" timestamp="2025-03-15T22:27:39.299809-04:00" hostname="vi-03"><testcase classname="test.core.test_utils" name="test_configuration_distance" time="0.001" /><testcase classname="test.core.test_utils" name="test_get_path_length" time="0.001" /><testcase classname="test.core.test_utils" name="test_get_random_state" time="0.506" /><testcase classname="test.core.test_utils" name="test_get_random_state_with_scalar_padding" time="0.462" /><testcase classname="test.core.test_utils" name="test_get_random_state_with_vector_padding" time="0.432" /><testcase classname="test.core.test_utils" name="test_get_random_transform" time="0.435" /><testcase classname="test.core.test_utils" name="test_get_random_collision_free_state" time="0.447" /><testcase classname="test.core.test_utils" name="test_get_random_collision_free_transform" time="0.449" /><testcase classname="test.core.test_utils" name="test_within_limits" time="0.472" /><testcase classname="test.core.test_utils" name="test_extract_cartesian_pose" time="0.467" /><testcase classname="test.core.test_utils" name="test_extract_cartesian_poses" time="0.444" /><testcase classname="test.core.test_utils" name="test_check_collisions_at_state" time="0.446" /><testcase classname="test.core.test_utils" name="test_check_collisions_along_path" time="0.453" /><testcase classname="test.core.test_utils" name="test_get_collision_geometry_ids" time="0.457" /><testcase classname="test.core.test_utils" name="test_set_collisions" time="0.446" /><testcase classname="test.ik.test_differential_ik" name="test_ik_solve_trivial_ik" time="0.446" /><testcase classname="test.ik.test_differential_ik" name="test_ik_solve_ik" time="0.445" /><testcase classname="test.ik.test_differential_ik" name="test_ik_solve_impossible_ik" time="0.608" /><testcase classname="test.ik.test_differential_ik" name="test_ik_in_collision" time="0.455" /><testcase classname="test.ik.test_differential_ik" name="test_ik_with_nullspace_components" time="0.475" /><testcase classname="test.ik.test_differential_ik" name="test_ik_solve_bad_joint_weights" time="0.439" /><testcase classname="test.ik.test_differential_ik" name="test_ik_solve_ik_joint_weights" time="0.465" /><testcase classname="test.ik.test_nullspace_components" name="test_zero_nullspace_component" time="0.444" /><testcase classname="test.ik.test_nullspace_components" name="test_joint_limit_nullspace_component" time="0.449" /><testcase classname="test.ik.test_nullspace_components" name="test_joint_center_nullspace_component" time="0.446" /><testcase classname="test.ik.test_nullspace_components" name="test_collision_avoidance_nullpace_component" time="0.449" /><testcase classname="test.planning.test_cartesian_planner" name="test_invalid_cartesian_planner_options[max_vals0]" time="0.001" /><testcase classname="test.planning.test_cartesian_planner" name="test_invalid_cartesian_planner_options[max_vals1]" time="0.001" /><testcase classname="test.planning.test_cartesian_planner" name="test_invalid_cartesian_planner_options[max_vals2]" time="0.001" /><testcase classname="test.planning.test_cartesian_planner" name="test_invalid_cartesian_planner_options[max_vals3]" time="0.001" /><testcase classname="test.planning.test_cartesian_planner" name="test_cartesian_planner[use_trapezoidal_scaling0]" time="0.549" /><testcase classname="test.planning.test_cartesian_planner" name="test_cartesian_planner[use_trapezoidal_scaling1]" time="0.538" /><testcase classname="test.planning.test_cartesian_planner" name="test_cartesian_planner_failure" time="0.628" /><testcase classname="test.planning.test_graph" name="test_create_node" time="0.001" /><testcase classname="test.planning.test_graph" name="test_create_node_nondefault_args" time="0.001" /><testcase classname="test.planning.test_graph" name="test_create_edge" time="0.001" /><testcase classname="test.planning.test_graph" name="test_node_equalities" time="0.001" /><testcase classname="test.planning.test_graph" name="test_create_edge_nondefault_args" time="0.001" /><testcase classname="test.planning.test_graph" name="test_create_empty_graph" time="0.001" /><testcase classname="test.planning.test_graph" name="test_add_nodes" time="0.001" /><testcase classname="test.planning.test_graph" name="test_remove_nodes" time="0.001" /><testcase classname="test.planning.test_graph" name="test_add_edges" time="0.001" /><testcase classname="test.planning.test_graph" name="test_remove_edges" time="0.001" /><testcase classname="test.planning.test_graph" name="test_get_nearest_node" time="0.001" /><testcase classname="test.planning.test_graph" name="test_get_nearest_node_empty_graph" time="0.001" /><testcase classname="test.planning.test_graph" name="test_get_nearest_neighbors" time="0.001" /><testcase classname="test.planning.test_graph" name="test_str_and_parse" time="0.004" /><testcase classname="test.planning.test_graph" name="test_save_and_load" time="0.001" /><testcase classname="test.planning.test_graph_search" name="test_dfs" time="0.003" /><testcase classname="test.planning.test_graph_search" name="test_astar" time="0.004" /><testcase classname="test.planning.test_path_shortcutting" name="test_get_normalized_path_scaling" time="0.001" /><testcase classname="test.planning.test_path_shortcutting" name="test_get_configuration_from_normalized_path_scaling" time="0.002" /><testcase classname="test.planning.test_path_shortcutting" name="test_path_shortcutting_noop" time="0.435" /><testcase classname="test.planning.test_path_shortcutting" name="test_path_shortcutting" time="0.500" /><testcase classname="test.planning.test_planning_utils" name="test_extend_robot_state" time="0.001" /><testcase classname="test.planning.test_planning_utils" name="test_discretize_joint_space_path" time="0.001" /><testcase classname="test.planning.test_planning_utils" name="test_retrace_path" time="0.001" /><testcase classname="test.planning.test_planning_utils" name="test_discretized_joint_space_simple" time="0.001" /><testcase classname="test.planning.test_planning_utils" name="test_discretized_joint_space_random" time="0.001" /><testcase classname="test.planning.test_prm" name="test_construct_roadmap" time="0.100" /><testcase classname="test.planning.test_prm" name="test_construct_roadmap_prm_star" time="0.075" /><testcase classname="test.planning.test_prm" name="test_plan_trivial_prm" time="0.002" /><testcase classname="test.planning.test_prm" name="test_prm" time="1.018" /><testcase classname="test.planning.test_rrt" name="test_plan_trivial_rrt" time="0.432" /><testcase classname="test.planning.test_rrt" name="test_plan_vanilla_rrt" time="0.741" /><testcase classname="test.planning.test_rrt" name="test_plan_rrt_connect" time="0.633" /><testcase classname="test.planning.test_rrt" name="test_plan_rrt_star" time="0.851" /><testcase classname="test.trajectory.test_polynomial_trajectory" name="test_single_dof_cubic_trajectory" time="0.001" /><testcase classname="test.trajectory.test_polynomial_trajectory" name="test_multi_dof_cubic_trajectory" time="0.001" /><testcase classname="test.trajectory.test_polynomial_trajectory" name="test_evaluate_cubic_trajectory_bad_time_values" time="0.001" /><testcase classname="test.trajectory.test_polynomial_trajectory" name="test_evaluate_single_dof_cubic_trajectory" time="0.001" /><testcase classname="test.trajectory.test_polynomial_trajectory" name="test_evaluate_multi_dof_cubic_trajectory" time="0.001" /><testcase classname="test.trajectory.test_polynomial_trajectory" name="test_generate_single_dof_cubic_trajectory" time="0.056" /><testcase classname="test.trajectory.test_polynomial_trajectory" name="test_generate_multi_dof_cubic_trajectory" time="0.108" /><testcase classname="test.trajectory.test_polynomial_trajectory" name="test_single_dof_quintic_trajectory" time="0.001" /><testcase classname="test.trajectory.test_polynomial_trajectory" name="test_multi_dof_quintic_trajectory" time="0.001" /><testcase classname="test.trajectory.test_polynomial_trajectory" name="test_evaluate_quintic_trajectory_bad_time_values" time="0.001" /><testcase classname="test.trajectory.test_polynomial_trajectory" name="test_evaluate_single_dof_quintic_trajectory" time="0.001" /><testcase classname="test.trajectory.test_polynomial_trajectory" name="test_evaluate_multi_dof_quintic_trajectory" time="0.001" /><testcase classname="test.trajectory.test_polynomial_trajectory" name="test_generate_single_dof_quintic_trajectory" time="0.064" /><testcase classname="test.trajectory.test_polynomial_trajectory" name="test_generate_multi_dof_quintic_trajectory" time="0.064" /><testcase classname="test.trajectory.test_trajectory_optimization" name="test_bad_traj_opt_options" time="0.001" /><testcase classname="test.trajectory.test_trajectory_optimization" name="test_start_goal_traj_opt" time="0.581" /><testcase classname="test.trajectory.test_trajectory_optimization" name="test_full_path_traj_opt" time="0.685" /><testcase classname="test.trajectory.test_trajectory_optimization" name="test_traj_opt_unreachable_goal" time="4.684" /><testcase classname="test.trajectory.test_trajectory_optimization" name="test_traj_opt_bad_limits" time="0.433" /><testcase classname="test.trajectory.test_trajectory_optimization" name="test_traj_opt_empty_path" time="0.436" /><testcase classname="test.trajectory.test_trajectory_optimization" name="test_traj_opt_bad_num_waypoints" time="0.429" /><testcase classname="test.trajectory.test_trajectory_optimization" name="test_traj_opt_collision_avoidance" time="1.256" /><testcase classname="test.trajectory.test_trapezoidal_trajectory" name="test_single_dof_trajectory" time="0.001" /><testcase classname="test.trajectory.test_trapezoidal_trajectory" name="test_multi_dof_trajectory_scalar_limits" time="0.001" /><testcase classname="test.trajectory.test_trapezoidal_trajectory" name="test_multi_dof_trajectory_vector_limits" time="0.001" /><testcase classname="test.trajectory.test_trapezoidal_trajectory" name="test_evaluate_bad_time_values" time="0.001" /><testcase classname="test.trajectory.test_trapezoidal_trajectory" name="test_evaluate_single_dof" time="0.001" /><testcase classname="test.trajectory.test_trapezoidal_trajectory" name="test_evaluate_multi_dof" time="0.001" /><testcase classname="test.trajectory.test_trapezoidal_trajectory" name="test_generate_single_dof" time="0.002" /><testcase classname="test.trajectory.test_trapezoidal_trajectory" name="test_generate_multi_dof" time="0.010" /></testsuite></testsuites>